d:\game_project\game_project\debug\vc141.pdb
d:\game_project\game_project\debug\vc141.idb
d:\game_project\game_project\debug\timer.obj
d:\game_project\game_project\debug\soundengine_singleton.obj
d:\game_project\game_project\debug\endlessshooting.obj
d:\game_project\game_project\debug\player.obj
d:\game_project\game_project\debug\main.obj
d:\game_project\game_project\debug\game2d.obj
d:\game_project\game_project\debug\drawfunctions.obj
d:\game_project\game_project\debug\dotsystem.obj
d:\game_project\game_project\debug\dotdatas.obj
d:\game_project\game_project\debug\bulletmanager.obj
d:\game_project\game_project\debug\bullet.obj
d:\game_project\game_project\debug\monster.obj
d:\game_project\game_project\debug\vcpkg.applocal.log
㩄䝜浡彥牐橯捥屴敄畢屧汧睥㈳⹤汤൬䐊尺慇敭偟潲敪瑣䑜扥杵杜晬㍷搮汬਍
d:\game_project\debug\game_project.exe
d:\game_project\debug\game_project.ilk
d:\game_project\debug\game_project.pdb
d:\game_project\game_project\debug\game_project.tlog\cl.command.1.tlog
d:\game_project\game_project\debug\game_project.tlog\cl.read.1.tlog
d:\game_project\game_project\debug\game_project.tlog\cl.write.1.tlog
d:\game_project\game_project\debug\game_project.tlog\game_project.write.1u.tlog
d:\game_project\game_project\debug\game_project.tlog\link.command.1.tlog
d:\game_project\game_project\debug\game_project.tlog\link.read.1.tlog
d:\game_project\game_project\debug\game_project.tlog\link.write.1.tlog
